<?xml version="1.0" encoding="UTF-8"?>
<testng-results skipped="0" failed="0" ignored="0" total="6" passed="6">
  <reporter-output>
  </reporter-output>
  <suite name="Suite" duration-ms="48" started-at="2020-12-15T14:12:45Z" finished-at="2020-12-15T14:12:45Z">
    <groups>
    </groups>
    <test name="Test" duration-ms="48" started-at="2020-12-15T14:12:45Z" finished-at="2020-12-15T14:12:45Z">
      <class name="qaclickacademy.AppiumTest">
        <test-method status="PASS" signature="IOSApps()[pri:0, instance:qaclickacademy.AppiumTest@4cb2c100]" name="IOSApps" duration-ms="0" started-at="2020-12-15T17:12:45Z" finished-at="2020-12-15T17:12:45Z">
          <reporter-output>
          </reporter-output>
        </test-method> <!-- IOSApps -->
        <test-method status="PASS" signature="NativeAppAndroid()[pri:0, instance:qaclickacademy.AppiumTest@4cb2c100]" name="NativeAppAndroid" duration-ms="0" started-at="2020-12-15T17:12:45Z" finished-at="2020-12-15T17:12:45Z">
          <reporter-output>
          </reporter-output>
        </test-method> <!-- NativeAppAndroid -->
      </class> <!-- qaclickacademy.AppiumTest -->
      <class name="qaclickacademy.RESTAPITest">
        <test-method status="PASS" signature="deleteTwitter()[pri:0, instance:qaclickacademy.RESTAPITest@3f2a3a5]" name="deleteTwitter" duration-ms="0" started-at="2020-12-15T17:12:45Z" finished-at="2020-12-15T17:12:45Z">
          <reporter-output>
          </reporter-output>
        </test-method> <!-- deleteTwitter -->
        <test-method status="PASS" signature="postJira()[pri:0, instance:qaclickacademy.RESTAPITest@3f2a3a5]" name="postJira" duration-ms="2" started-at="2020-12-15T17:12:45Z" finished-at="2020-12-15T17:12:45Z">
          <reporter-output>
          </reporter-output>
        </test-method> <!-- postJira -->
      </class> <!-- qaclickacademy.RESTAPITest -->
      <class name="qaclickacademy.SeleniumTest">
        <test-method status="PASS" signature="BrowserAutomation()[pri:0, instance:qaclickacademy.SeleniumTest@5d624da6]" name="BrowserAutomation" duration-ms="8" started-at="2020-12-15T17:12:45Z" finished-at="2020-12-15T17:12:45Z">
          <reporter-output>
          </reporter-output>
        </test-method> <!-- BrowserAutomation -->
        <test-method status="PASS" signature="elementsUi()[pri:0, instance:qaclickacademy.SeleniumTest@5d624da6]" name="elementsUi" duration-ms="1" started-at="2020-12-15T17:12:45Z" finished-at="2020-12-15T17:12:45Z">
          <reporter-output>
          </reporter-output>
        </test-method> <!-- elementsUi -->
      </class> <!-- qaclickacademy.SeleniumTest -->
    </test> <!-- Test -->
  </suite> <!-- Suite -->
</testng-results>
